0 info it worked if it ends with ok
1 verbose cli [ '/Users/rjohnson/.nvm/versions/node/v0.12.14/bin/node',
1 verbose cli   '/Users/rjohnson/.nvm/versions/node/v0.12.14/bin/npm',
1 verbose cli   'start' ]
2 info using npm@2.15.1
3 info using node@v0.12.14
4 verbose run-script [ 'prestart', 'start', 'poststart' ]
5 info prestart travel-updates@1.0.0
6 info start travel-updates@1.0.0
7 verbose unsafe-perm in lifecycle true
8 info travel-updates@1.0.0 Failed to exec start script
9 verbose stack Error: travel-updates@1.0.0 start: `gulp`
9 verbose stack Exit status 1
9 verbose stack     at EventEmitter.<anonymous> (/Users/rjohnson/.nvm/versions/node/v0.12.14/lib/node_modules/npm/lib/utils/lifecycle.js:217:16)
9 verbose stack     at EventEmitter.emit (events.js:110:17)
9 verbose stack     at ChildProcess.<anonymous> (/Users/rjohnson/.nvm/versions/node/v0.12.14/lib/node_modules/npm/lib/utils/spawn.js:24:14)
9 verbose stack     at ChildProcess.emit (events.js:110:17)
9 verbose stack     at maybeClose (child_process.js:1019:16)
9 verbose stack     at Process.ChildProcess._handle.onexit (child_process.js:1091:5)
10 verbose pkgid travel-updates@1.0.0
11 verbose cwd /Users/rjohnson/Documents/node/travel-updates
12 error Darwin 14.5.0
13 error argv "/Users/rjohnson/.nvm/versions/node/v0.12.14/bin/node" "/Users/rjohnson/.nvm/versions/node/v0.12.14/bin/npm" "start"
14 error node v0.12.14
15 error npm  v2.15.1
16 error code ELIFECYCLE
17 error travel-updates@1.0.0 start: `gulp`
17 error Exit status 1
18 error Failed at the travel-updates@1.0.0 start script 'gulp'.
18 error This is most likely a problem with the travel-updates package,
18 error not with npm itself.
18 error Tell the author that this fails on your system:
18 error     gulp
18 error You can get information on how to open an issue for this project with:
18 error     npm bugs travel-updates
18 error Or if that isn't available, you can get their info via:
18 error
18 error     npm owner ls travel-updates
18 error There is likely additional logging output above.
19 verbose exit [ 1, true ]
